<?xml version="1.0" encoding="UTF-8"?>
<testsuite xmlns:xsi="http://www.w3.org/2001/XMLSchema-instance" xsi:noNamespaceSchemaLocation="https://maven.apache.org/surefire/maven-surefire-plugin/xsd/surefire-test-report-3.0.xsd" version="3.0" name="com.snowsecure.main.SnowsecureApplicationTests" time="2.833" tests="1" errors="0" skipped="0" failures="0">
  <properties>
[...]
</properties>
  <testcase name="contextLoads" classname="com.snowsecure.main.SnowsecureApplicationTests" time="0.805">
    <system-out><![CDATA[17:52:37.697 [main] INFO org.springframework.test.context.support.AnnotationConfigContextLoaderUtils -- Could not detect default configuration classes for test class [com.snowsecure.main.SnowsecureApplicationTests]: SnowsecureApplicationTests does not declare any static, non-private, non-final, nested classes annotated with @Configuration.
17:52:37.805 [main] INFO org.springframework.boot.test.context.SpringBootTestContextBootstrapper -- Found @SpringBootConfiguration com.snowsecure.main.SnowsecureApplication for test class com.snowsecure.main.SnowsecureApplicationTests

  .   ____          _            __ _ _
 /\\ / ___'_ __ _ _(_)_ __  __ _ \ \ \ \
( ( )\___ | '_ | '_| | '_ \/ _` | \ \ \ \
 \\/  ___)| |_)| | | | | || (_| |  ) ) ) )
  '  |____| .__|_| |_|_| |_\__, | / / / /
 =========|_|==============|___/=/_/_/_/

 :: Spring Boot ::                (v3.3.2)

2024-08-13T17:52:38.166-03:00  INFO 4071 --- [snowsecure] [           main] c.s.main.SnowsecureApplicationTests      : Starting SnowsecureApplicationTests using Java 21.0.4 with PID 4071 (started by marianoanino in /Users/marianoanino/Documents/code/snowsecure)
2024-08-13T17:52:38.167-03:00  INFO 4071 --- [snowsecure] [           main] c.s.main.SnowsecureApplicationTests      : No active profile set, falling back to 1 default profile: "default"
2024-08-13T17:52:39.313-03:00  WARN 4071 --- [snowsecure] [           main] o.s.b.a.f.FreeMarkerAutoConfiguration    : Cannot find template location: [classpath:/templates/] (please add some templates, check your FreeMarker configuration, or set spring.freemarker.check-template-location=false)
2024-08-13T17:52:39.350-03:00  WARN 4071 --- [snowsecure] [           main] .s.s.UserDetailsServiceAutoConfiguration : 

Using generated security password: 6500ee52-6004-40ec-a182-f379cb722970

This generated password is for development use only. Your security configuration must be updated before running your application in production.

2024-08-13T17:52:39.376-03:00  INFO 4071 --- [snowsecure] [           main] r$InitializeUserDetailsManagerConfigurer : Global AuthenticationManager configured with UserDetailsService bean with name inMemoryUserDetailsManager
2024-08-13T17:52:39.504-03:00  INFO 4071 --- [snowsecure] [           main] c.s.main.SnowsecureApplicationTests      : Started SnowsecureApplicationTests in 1.556 seconds (process running for 2.548)
]]></system-out>
    <system-err><![CDATA[WARNING: A Java agent has been loaded dynamically (/Users/marianoanino/.m2/repository/net/bytebuddy/byte-buddy-agent/1.14.18/byte-buddy-agent-1.14.18.jar)
WARNING: If a serviceability tool is in use, please run with -XX:+EnableDynamicAgentLoading to hide this warning
WARNING: If a serviceability tool is not in use, please run with -Djdk.instrument.traceUsage for more information
WARNING: Dynamic loading of agents will be disallowed by default in a future release
]]></system-err>
  </testcase>
</testsuite>